<?xml version="1.0" encoding="UTF-8"?>
<testsuite xmlns:xsi="http://www.w3.org/2001/XMLSchema-instance" xsi:noNamespaceSchemaLocation="https://maven.apache.org/surefire/maven-surefire-plugin/xsd/surefire-test-report.xsd" name="com.km.admin.KmAdminApplicationTests" time="10.653" tests="1" errors="0" skipped="0" failures="0">
  <properties>
    <property name="sun.desktop" value="gnome"/>
    <property name="awt.toolkit" value="sun.awt.X11.XToolkit"/>
    <property name="java.specification.version" value="11"/>
    <property name="sun.cpu.isalist" value=""/>
    <property name="sun.jnu.encoding" value="UTF-8"/>
    <property name="java.class.path" value="/home/abhisheik/Desktop/KoffeeMedia/KmAdmin/target/test-classes:/home/abhisheik/Desktop/KoffeeMedia/KmAdmin/target/classes:/home/abhisheik/.m2/repository/org/springframework/boot/spring-boot-starter-amqp/2.2.0.RELEASE/spring-boot-starter-amqp-2.2.0.RELEASE.jar:/home/abhisheik/.m2/repository/org/springframework/boot/spring-boot-starter/2.2.0.RELEASE/spring-boot-starter-2.2.0.RELEASE.jar:/home/abhisheik/.m2/repository/org/springframework/boot/spring-boot-starter-logging/2.2.0.RELEASE/spring-boot-starter-logging-2.2.0.RELEASE.jar:/home/abhisheik/.m2/repository/ch/qos/logback/logback-classic/1.2.3/logback-classic-1.2.3.jar:/home/abhisheik/.m2/repository/ch/qos/logback/logback-core/1.2.3/logback-core-1.2.3.jar:/home/abhisheik/.m2/repository/org/apache/logging/log4j/log4j-to-slf4j/2.12.1/log4j-to-slf4j-2.12.1.jar:/home/abhisheik/.m2/repository/org/apache/logging/log4j/log4j-api/2.12.1/log4j-api-2.12.1.jar:/home/abhisheik/.m2/repository/org/slf4j/jul-to-slf4j/1.7.28/jul-to-slf4j-1.7.28.jar:/home/abhisheik/.m2/repository/org/yaml/snakeyaml/1.25/snakeyaml-1.25.jar:/home/abhisheik/.m2/repository/org/springframework/spring-messaging/5.2.0.RELEASE/spring-messaging-5.2.0.RELEASE.jar:/home/abhisheik/.m2/repository/org/springframework/spring-beans/5.2.0.RELEASE/spring-beans-5.2.0.RELEASE.jar:/home/abhisheik/.m2/repository/org/springframework/amqp/spring-rabbit/2.2.0.RELEASE/spring-rabbit-2.2.0.RELEASE.jar:/home/abhisheik/.m2/repository/com/rabbitmq/amqp-client/5.7.3/amqp-client-5.7.3.jar:/home/abhisheik/.m2/repository/org/springframework/amqp/spring-amqp/2.2.0.RELEASE/spring-amqp-2.2.0.RELEASE.jar:/home/abhisheik/.m2/repository/org/springframework/boot/spring-boot-starter-batch/2.2.0.RELEASE/spring-boot-starter-batch-2.2.0.RELEASE.jar:/home/abhisheik/.m2/repository/org/springframework/boot/spring-boot-starter-jdbc/2.2.0.RELEASE/spring-boot-starter-jdbc-2.2.0.RELEASE.jar:/home/abhisheik/.m2/repository/com/zaxxer/HikariCP/3.4.1/HikariCP-3.4.1.jar:/home/abhisheik/.m2/repository/org/springframework/batch/spring-batch-core/4.2.0.RELEASE/spring-batch-core-4.2.0.RELEASE.jar:/home/abhisheik/.m2/repository/io/micrometer/micrometer-core/1.3.0/micrometer-core-1.3.0.jar:/home/abhisheik/.m2/repository/org/hdrhistogram/HdrHistogram/2.1.11/HdrHistogram-2.1.11.jar:/home/abhisheik/.m2/repository/org/latencyutils/LatencyUtils/2.0.3/LatencyUtils-2.0.3.jar:/home/abhisheik/.m2/repository/javax/batch/javax.batch-api/1.0/javax.batch-api-1.0.jar:/home/abhisheik/.m2/repository/org/codehaus/jettison/jettison/1.2/jettison-1.2.jar:/home/abhisheik/.m2/repository/org/springframework/batch/spring-batch-infrastructure/4.2.0.RELEASE/spring-batch-infrastructure-4.2.0.RELEASE.jar:/home/abhisheik/.m2/repository/org/springframework/boot/spring-boot-starter-data-jdbc/2.2.0.RELEASE/spring-boot-starter-data-jdbc-2.2.0.RELEASE.jar:/home/abhisheik/.m2/repository/org/springframework/data/spring-data-jdbc/1.1.0.RELEASE/spring-data-jdbc-1.1.0.RELEASE.jar:/home/abhisheik/.m2/repository/org/springframework/data/spring-data-relational/1.1.0.RELEASE/spring-data-relational-1.1.0.RELEASE.jar:/home/abhisheik/.m2/repository/org/springframework/data/spring-data-commons/2.2.0.RELEASE/spring-data-commons-2.2.0.RELEASE.jar:/home/abhisheik/.m2/repository/org/springframework/boot/spring-boot-starter-data-rest/2.2.0.RELEASE/spring-boot-starter-data-rest-2.2.0.RELEASE.jar:/home/abhisheik/.m2/repository/org/springframework/data/spring-data-rest-webmvc/3.2.0.RELEASE/spring-data-rest-webmvc-3.2.0.RELEASE.jar:/home/abhisheik/.m2/repository/org/springframework/data/spring-data-rest-core/3.2.0.RELEASE/spring-data-rest-core-3.2.0.RELEASE.jar:/home/abhisheik/.m2/repository/org/springframework/hateoas/spring-hateoas/1.0.0.RELEASE/spring-hateoas-1.0.0.RELEASE.jar:/home/abhisheik/.m2/repository/org/springframework/plugin/spring-plugin-core/2.0.0.RELEASE/spring-plugin-core-2.0.0.RELEASE.jar:/home/abhisheik/.m2/repository/org/atteo/evo-inflector/1.2.2/evo-inflector-1.2.2.jar:/home/abhisheik/.m2/repository/com/fasterxml/jackson/core/jackson-annotations/2.10.0/jackson-annotations-2.10.0.jar:/home/abhisheik/.m2/repository/org/springframework/boot/spring-boot-starter-jersey/2.2.0.RELEASE/spring-boot-starter-jersey-2.2.0.RELEASE.jar:/home/abhisheik/.m2/repository/org/springframework/boot/spring-boot-starter-json/2.2.0.RELEASE/spring-boot-starter-json-2.2.0.RELEASE.jar:/home/abhisheik/.m2/repository/com/fasterxml/jackson/datatype/jackson-datatype-jdk8/2.10.0/jackson-datatype-jdk8-2.10.0.jar:/home/abhisheik/.m2/repository/com/fasterxml/jackson/datatype/jackson-datatype-jsr310/2.10.0/jackson-datatype-jsr310-2.10.0.jar:/home/abhisheik/.m2/repository/com/fasterxml/jackson/module/jackson-module-parameter-names/2.10.0/jackson-module-parameter-names-2.10.0.jar:/home/abhisheik/.m2/repository/org/springframework/boot/spring-boot-starter-validation/2.2.0.RELEASE/spring-boot-starter-validation-2.2.0.RELEASE.jar:/home/abhisheik/.m2/repository/jakarta/validation/jakarta.validation-api/2.0.1/jakarta.validation-api-2.0.1.jar:/home/abhisheik/.m2/repository/org/hibernate/validator/hibernate-validator/6.0.17.Final/hibernate-validator-6.0.17.Final.jar:/home/abhisheik/.m2/repository/jakarta/annotation/jakarta.annotation-api/1.3.5/jakarta.annotation-api-1.3.5.jar:/home/abhisheik/.m2/repository/jakarta/ws/rs/jakarta.ws.rs-api/2.1.6/jakarta.ws.rs-api-2.1.6.jar:/home/abhisheik/.m2/repository/org/springframework/spring-web/5.2.0.RELEASE/spring-web-5.2.0.RELEASE.jar:/home/abhisheik/.m2/repository/org/glassfish/jersey/core/jersey-server/2.29.1/jersey-server-2.29.1.jar:/home/abhisheik/.m2/repository/org/glassfish/jersey/core/jersey-common/2.29.1/jersey-common-2.29.1.jar:/home/abhisheik/.m2/repository/org/glassfish/hk2/osgi-resource-locator/1.0.3/osgi-resource-locator-1.0.3.jar:/home/abhisheik/.m2/repository/org/glassfish/jersey/core/jersey-client/2.29.1/jersey-client-2.29.1.jar:/home/abhisheik/.m2/repository/org/glassfish/jersey/media/jersey-media-jaxb/2.29.1/jersey-media-jaxb-2.29.1.jar:/home/abhisheik/.m2/repository/org/glassfish/hk2/external/jakarta.inject/2.6.1/jakarta.inject-2.6.1.jar:/home/abhisheik/.m2/repository/org/glassfish/jersey/containers/jersey-container-servlet-core/2.29.1/jersey-container-servlet-core-2.29.1.jar:/home/abhisheik/.m2/repository/org/glassfish/jersey/containers/jersey-container-servlet/2.29.1/jersey-container-servlet-2.29.1.jar:/home/abhisheik/.m2/repository/org/glassfish/jersey/ext/jersey-bean-validation/2.29.1/jersey-bean-validation-2.29.1.jar:/home/abhisheik/.m2/repository/org/glassfish/jersey/ext/jersey-spring5/2.29.1/jersey-spring5-2.29.1.jar:/home/abhisheik/.m2/repository/org/glassfish/jersey/inject/jersey-hk2/2.29.1/jersey-hk2-2.29.1.jar:/home/abhisheik/.m2/repository/org/glassfish/hk2/hk2-locator/2.6.1/hk2-locator-2.6.1.jar:/home/abhisheik/.m2/repository/org/glassfish/hk2/external/aopalliance-repackaged/2.6.1/aopalliance-repackaged-2.6.1.jar:/home/abhisheik/.m2/repository/org/glassfish/hk2/hk2/2.6.1/hk2-2.6.1.jar:/home/abhisheik/.m2/repository/org/glassfish/hk2/hk2-utils/2.6.1/hk2-utils-2.6.1.jar:/home/abhisheik/.m2/repository/org/glassfish/hk2/hk2-api/2.6.1/hk2-api-2.6.1.jar:/home/abhisheik/.m2/repository/org/glassfish/hk2/hk2-core/2.6.1/hk2-core-2.6.1.jar:/home/abhisheik/.m2/repository/org/glassfish/hk2/hk2-runlevel/2.6.1/hk2-runlevel-2.6.1.jar:/home/abhisheik/.m2/repository/org/glassfish/hk2/class-model/2.6.1/class-model-2.6.1.jar:/home/abhisheik/.m2/repository/org/ow2/asm/asm/7.1/asm-7.1.jar:/home/abhisheik/.m2/repository/org/ow2/asm/asm-analysis/7.1/asm-analysis-7.1.jar:/home/abhisheik/.m2/repository/org/ow2/asm/asm-commons/7.1/asm-commons-7.1.jar:/home/abhisheik/.m2/repository/org/ow2/asm/asm-tree/7.1/asm-tree-7.1.jar:/home/abhisheik/.m2/repository/org/ow2/asm/asm-util/7.1/asm-util-7.1.jar:/home/abhisheik/.m2/repository/org/glassfish/hk2/spring-bridge/2.6.1/spring-bridge-2.6.1.jar:/home/abhisheik/.m2/repository/org/glassfish/jersey/media/jersey-media-json-jackson/2.29.1/jersey-media-json-jackson-2.29.1.jar:/home/abhisheik/.m2/repository/org/glassfish/jersey/ext/jersey-entity-filtering/2.29.1/jersey-entity-filtering-2.29.1.jar:/home/abhisheik/.m2/repository/com/fasterxml/jackson/module/jackson-module-jaxb-annotations/2.10.0/jackson-module-jaxb-annotations-2.10.0.jar:/home/abhisheik/.m2/repository/jakarta/xml/bind/jakarta.xml.bind-api/2.3.2/jakarta.xml.bind-api-2.3.2.jar:/home/abhisheik/.m2/repository/org/springframework/boot/spring-boot-starter-mail/2.2.0.RELEASE/spring-boot-starter-mail-2.2.0.RELEASE.jar:/home/abhisheik/.m2/repository/org/springframework/spring-context-support/5.2.0.RELEASE/spring-context-support-5.2.0.RELEASE.jar:/home/abhisheik/.m2/repository/com/sun/mail/jakarta.mail/1.6.4/jakarta.mail-1.6.4.jar:/home/abhisheik/.m2/repository/com/sun/activation/jakarta.activation/1.2.1/jakarta.activation-1.2.1.jar:/home/abhisheik/.m2/repository/org/springframework/boot/spring-boot-starter-oauth2-client/2.2.0.RELEASE/spring-boot-starter-oauth2-client-2.2.0.RELEASE.jar:/home/abhisheik/.m2/repository/org/springframework/security/spring-security-config/5.2.0.RELEASE/spring-security-config-5.2.0.RELEASE.jar:/home/abhisheik/.m2/repository/org/springframework/security/spring-security-core/5.2.0.RELEASE/spring-security-core-5.2.0.RELEASE.jar:/home/abhisheik/.m2/repository/org/springframework/spring-expression/5.2.0.RELEASE/spring-expression-5.2.0.RELEASE.jar:/home/abhisheik/.m2/repository/org/springframework/security/spring-security-oauth2-client/5.2.0.RELEASE/spring-security-oauth2-client-5.2.0.RELEASE.jar:/home/abhisheik/.m2/repository/com/nimbusds/oauth2-oidc-sdk/6.14/oauth2-oidc-sdk-6.14.jar:/home/abhisheik/.m2/repository/com/github/stephenc/jcip/jcip-annotations/1.0-1/jcip-annotations-1.0-1.jar:/home/abhisheik/.m2/repository/com/nimbusds/lang-tag/1.4.4/lang-tag-1.4.4.jar:/home/abhisheik/.m2/repository/org/springframework/security/spring-security-oauth2-core/5.2.0.RELEASE/spring-security-oauth2-core-5.2.0.RELEASE.jar:/home/abhisheik/.m2/repository/org/springframework/security/spring-security-oauth2-jose/5.2.0.RELEASE/spring-security-oauth2-jose-5.2.0.RELEASE.jar:/home/abhisheik/.m2/repository/com/nimbusds/nimbus-jose-jwt/7.8/nimbus-jose-jwt-7.8.jar:/home/abhisheik/.m2/repository/org/springframework/boot/spring-boot-starter-security/2.2.0.RELEASE/spring-boot-starter-security-2.2.0.RELEASE.jar:/home/abhisheik/.m2/repository/org/springframework/spring-aop/5.2.0.RELEASE/spring-aop-5.2.0.RELEASE.jar:/home/abhisheik/.m2/repository/org/springframework/security/spring-security-web/5.2.0.RELEASE/spring-security-web-5.2.0.RELEASE.jar:/home/abhisheik/.m2/repository/org/springframework/boot/spring-boot-starter-web/2.2.0.RELEASE/spring-boot-starter-web-2.2.0.RELEASE.jar:/home/abhisheik/.m2/repository/org/springframework/spring-webmvc/5.2.0.RELEASE/spring-webmvc-5.2.0.RELEASE.jar:/home/abhisheik/.m2/repository/org/springframework/boot/spring-boot-starter-web-services/2.2.0.RELEASE/spring-boot-starter-web-services-2.2.0.RELEASE.jar:/home/abhisheik/.m2/repository/com/sun/xml/messaging/saaj/saaj-impl/1.5.1/saaj-impl-1.5.1.jar:/home/abhisheik/.m2/repository/jakarta/xml/soap/jakarta.xml.soap-api/1.4.1/jakarta.xml.soap-api-1.4.1.jar:/home/abhisheik/.m2/repository/org/jvnet/mimepull/mimepull/1.9.12/mimepull-1.9.12.jar:/home/abhisheik/.m2/repository/org/jvnet/staxex/stax-ex/1.8.1/stax-ex-1.8.1.jar:/home/abhisheik/.m2/repository/jakarta/xml/ws/jakarta.xml.ws-api/2.3.2/jakarta.xml.ws-api-2.3.2.jar:/home/abhisheik/.m2/repository/jakarta/jws/jakarta.jws-api/1.1.1/jakarta.jws-api-1.1.1.jar:/home/abhisheik/.m2/repository/org/springframework/spring-oxm/5.2.0.RELEASE/spring-oxm-5.2.0.RELEASE.jar:/home/abhisheik/.m2/repository/org/springframework/ws/spring-ws-core/3.0.7.RELEASE/spring-ws-core-3.0.7.RELEASE.jar:/home/abhisheik/.m2/repository/org/springframework/ws/spring-xml/3.0.7.RELEASE/spring-xml-3.0.7.RELEASE.jar:/home/abhisheik/.m2/repository/commons-io/commons-io/2.5/commons-io-2.5.jar:/home/abhisheik/.m2/repository/org/springframework/boot/spring-boot-starter-webflux/2.2.0.RELEASE/spring-boot-starter-webflux-2.2.0.RELEASE.jar:/home/abhisheik/.m2/repository/org/springframework/boot/spring-boot-starter-reactor-netty/2.2.0.RELEASE/spring-boot-starter-reactor-netty-2.2.0.RELEASE.jar:/home/abhisheik/.m2/repository/io/projectreactor/netty/reactor-netty/0.9.0.RELEASE/reactor-netty-0.9.0.RELEASE.jar:/home/abhisheik/.m2/repository/io/netty/netty-codec-http/4.1.42.Final/netty-codec-http-4.1.42.Final.jar:/home/abhisheik/.m2/repository/io/netty/netty-common/4.1.42.Final/netty-common-4.1.42.Final.jar:/home/abhisheik/.m2/repository/io/netty/netty-buffer/4.1.42.Final/netty-buffer-4.1.42.Final.jar:/home/abhisheik/.m2/repository/io/netty/netty-transport/4.1.42.Final/netty-transport-4.1.42.Final.jar:/home/abhisheik/.m2/repository/io/netty/netty-resolver/4.1.42.Final/netty-resolver-4.1.42.Final.jar:/home/abhisheik/.m2/repository/io/netty/netty-codec/4.1.42.Final/netty-codec-4.1.42.Final.jar:/home/abhisheik/.m2/repository/io/netty/netty-codec-http2/4.1.42.Final/netty-codec-http2-4.1.42.Final.jar:/home/abhisheik/.m2/repository/io/netty/netty-handler/4.1.42.Final/netty-handler-4.1.42.Final.jar:/home/abhisheik/.m2/repository/io/netty/netty-handler-proxy/4.1.42.Final/netty-handler-proxy-4.1.42.Final.jar:/home/abhisheik/.m2/repository/io/netty/netty-codec-socks/4.1.42.Final/netty-codec-socks-4.1.42.Final.jar:/home/abhisheik/.m2/repository/io/netty/netty-transport-native-epoll/4.1.42.Final/netty-transport-native-epoll-4.1.42.Final-linux-x86_64.jar:/home/abhisheik/.m2/repository/io/netty/netty-transport-native-unix-common/4.1.42.Final/netty-transport-native-unix-common-4.1.42.Final.jar:/home/abhisheik/.m2/repository/io/projectreactor/addons/reactor-pool/0.1.0.RELEASE/reactor-pool-0.1.0.RELEASE.jar:/home/abhisheik/.m2/repository/org/glassfish/jakarta.el/3.0.3/jakarta.el-3.0.3.jar:/home/abhisheik/.m2/repository/org/springframework/spring-webflux/5.2.0.RELEASE/spring-webflux-5.2.0.RELEASE.jar:/home/abhisheik/.m2/repository/org/synchronoss/cloud/nio-multipart-parser/1.1.0/nio-multipart-parser-1.1.0.jar:/home/abhisheik/.m2/repository/org/synchronoss/cloud/nio-stream-storage/1.1.3/nio-stream-storage-1.1.3.jar:/home/abhisheik/.m2/repository/org/apache/kafka/kafka-streams/2.3.0/kafka-streams-2.3.0.jar:/home/abhisheik/.m2/repository/org/apache/kafka/kafka-clients/2.3.0/kafka-clients-2.3.0.jar:/home/abhisheik/.m2/repository/com/github/luben/zstd-jni/1.4.0-1/zstd-jni-1.4.0-1.jar:/home/abhisheik/.m2/repository/org/lz4/lz4-java/1.6.0/lz4-java-1.6.0.jar:/home/abhisheik/.m2/repository/org/xerial/snappy/snappy-java/1.1.7.3/snappy-java-1.1.7.3.jar:/home/abhisheik/.m2/repository/org/apache/kafka/connect-json/2.3.0/connect-json-2.3.0.jar:/home/abhisheik/.m2/repository/org/apache/kafka/connect-api/2.3.0/connect-api-2.3.0.jar:/home/abhisheik/.m2/repository/org/slf4j/slf4j-api/1.7.28/slf4j-api-1.7.28.jar:/home/abhisheik/.m2/repository/org/rocksdb/rocksdbjni/5.18.3/rocksdbjni-5.18.3.jar:/home/abhisheik/.m2/repository/org/springframework/kafka/spring-kafka/2.3.1.RELEASE/spring-kafka-2.3.1.RELEASE.jar:/home/abhisheik/.m2/repository/org/springframework/retry/spring-retry/1.2.4.RELEASE/spring-retry-1.2.4.RELEASE.jar:/home/abhisheik/.m2/repository/org/springframework/spring-context/5.2.0.RELEASE/spring-context-5.2.0.RELEASE.jar:/home/abhisheik/.m2/repository/org/springframework/spring-tx/5.2.0.RELEASE/spring-tx-5.2.0.RELEASE.jar:/home/abhisheik/.m2/repository/org/springframework/session/spring-session-core/2.2.0.RELEASE/spring-session-core-2.2.0.RELEASE.jar:/home/abhisheik/.m2/repository/org/springframework/spring-jcl/5.2.0.RELEASE/spring-jcl-5.2.0.RELEASE.jar:/home/abhisheik/.m2/repository/org/springframework/boot/spring-boot-devtools/2.2.0.RELEASE/spring-boot-devtools-2.2.0.RELEASE.jar:/home/abhisheik/.m2/repository/org/springframework/boot/spring-boot/2.2.0.RELEASE/spring-boot-2.2.0.RELEASE.jar:/home/abhisheik/.m2/repository/org/springframework/boot/spring-boot-autoconfigure/2.2.0.RELEASE/spring-boot-autoconfigure-2.2.0.RELEASE.jar:/home/abhisheik/.m2/repository/mysql/mysql-connector-java/8.0.18/mysql-connector-java-8.0.18.jar:/home/abhisheik/.m2/repository/org/springframework/boot/spring-boot-configuration-processor/2.2.0.RELEASE/spring-boot-configuration-processor-2.2.0.RELEASE.jar:/home/abhisheik/.m2/repository/org/springframework/boot/spring-boot-starter-tomcat/2.2.0.RELEASE/spring-boot-starter-tomcat-2.2.0.RELEASE.jar:/home/abhisheik/.m2/repository/org/apache/tomcat/embed/tomcat-embed-core/9.0.27/tomcat-embed-core-9.0.27.jar:/home/abhisheik/.m2/repository/org/apache/tomcat/embed/tomcat-embed-el/9.0.27/tomcat-embed-el-9.0.27.jar:/home/abhisheik/.m2/repository/org/apache/tomcat/embed/tomcat-embed-websocket/9.0.27/tomcat-embed-websocket-9.0.27.jar:/home/abhisheik/.m2/repository/org/springframework/boot/spring-boot-starter-test/2.2.0.RELEASE/spring-boot-starter-test-2.2.0.RELEASE.jar:/home/abhisheik/.m2/repository/org/springframework/boot/spring-boot-test/2.2.0.RELEASE/spring-boot-test-2.2.0.RELEASE.jar:/home/abhisheik/.m2/repository/org/springframework/boot/spring-boot-test-autoconfigure/2.2.0.RELEASE/spring-boot-test-autoconfigure-2.2.0.RELEASE.jar:/home/abhisheik/.m2/repository/com/jayway/jsonpath/json-path/2.4.0/json-path-2.4.0.jar:/home/abhisheik/.m2/repository/net/minidev/json-smart/2.3/json-smart-2.3.jar:/home/abhisheik/.m2/repository/net/minidev/accessors-smart/1.2/accessors-smart-1.2.jar:/home/abhisheik/.m2/repository/org/junit/jupiter/junit-jupiter/5.5.2/junit-jupiter-5.5.2.jar:/home/abhisheik/.m2/repository/org/junit/jupiter/junit-jupiter-params/5.5.2/junit-jupiter-params-5.5.2.jar:/home/abhisheik/.m2/repository/org/junit/jupiter/junit-jupiter-engine/5.5.2/junit-jupiter-engine-5.5.2.jar:/home/abhisheik/.m2/repository/org/junit/platform/junit-platform-engine/1.5.2/junit-platform-engine-1.5.2.jar:/home/abhisheik/.m2/repository/org/mockito/mockito-junit-jupiter/3.1.0/mockito-junit-jupiter-3.1.0.jar:/home/abhisheik/.m2/repository/org/assertj/assertj-core/3.13.2/assertj-core-3.13.2.jar:/home/abhisheik/.m2/repository/org/hamcrest/hamcrest/2.1/hamcrest-2.1.jar:/home/abhisheik/.m2/repository/org/mockito/mockito-core/3.1.0/mockito-core-3.1.0.jar:/home/abhisheik/.m2/repository/net/bytebuddy/byte-buddy/1.10.1/byte-buddy-1.10.1.jar:/home/abhisheik/.m2/repository/net/bytebuddy/byte-buddy-agent/1.10.1/byte-buddy-agent-1.10.1.jar:/home/abhisheik/.m2/repository/org/objenesis/objenesis/2.6/objenesis-2.6.jar:/home/abhisheik/.m2/repository/org/skyscreamer/jsonassert/1.5.0/jsonassert-1.5.0.jar:/home/abhisheik/.m2/repository/com/vaadin/external/google/android-json/0.0.20131108.vaadin1/android-json-0.0.20131108.vaadin1.jar:/home/abhisheik/.m2/repository/org/springframework/spring-core/5.2.0.RELEASE/spring-core-5.2.0.RELEASE.jar:/home/abhisheik/.m2/repository/org/springframework/spring-test/5.2.0.RELEASE/spring-test-5.2.0.RELEASE.jar:/home/abhisheik/.m2/repository/org/xmlunit/xmlunit-core/2.6.3/xmlunit-core-2.6.3.jar:/home/abhisheik/.m2/repository/io/projectreactor/reactor-test/3.3.0.RELEASE/reactor-test-3.3.0.RELEASE.jar:/home/abhisheik/.m2/repository/io/projectreactor/reactor-core/3.3.0.RELEASE/reactor-core-3.3.0.RELEASE.jar:/home/abhisheik/.m2/repository/org/reactivestreams/reactive-streams/1.0.3/reactive-streams-1.0.3.jar:/home/abhisheik/.m2/repository/org/springframework/amqp/spring-rabbit-test/2.2.0.RELEASE/spring-rabbit-test-2.2.0.RELEASE.jar:/home/abhisheik/.m2/repository/org/hamcrest/hamcrest-core/2.1/hamcrest-core-2.1.jar:/home/abhisheik/.m2/repository/org/hamcrest/hamcrest-library/2.1/hamcrest-library-2.1.jar:/home/abhisheik/.m2/repository/org/springframework/amqp/spring-rabbit-junit/2.2.0.RELEASE/spring-rabbit-junit-2.2.0.RELEASE.jar:/home/abhisheik/.m2/repository/com/rabbitmq/http-client/3.2.0.RELEASE/http-client-3.2.0.RELEASE.jar:/home/abhisheik/.m2/repository/org/springframework/batch/spring-batch-test/4.2.0.RELEASE/spring-batch-test-4.2.0.RELEASE.jar:/home/abhisheik/.m2/repository/junit/junit/4.12/junit-4.12.jar:/home/abhisheik/.m2/repository/org/springframework/spring-jdbc/5.2.0.RELEASE/spring-jdbc-5.2.0.RELEASE.jar:/home/abhisheik/.m2/repository/org/springframework/kafka/spring-kafka-test/2.3.1.RELEASE/spring-kafka-test-2.3.1.RELEASE.jar:/home/abhisheik/.m2/repository/org/apache/kafka/kafka-clients/2.3.0/kafka-clients-2.3.0-test.jar:/home/abhisheik/.m2/repository/org/apache/kafka/kafka-streams-test-utils/2.3.0/kafka-streams-test-utils-2.3.0.jar:/home/abhisheik/.m2/repository/org/apache/kafka/kafka_2.12/2.3.0/kafka_2.12-2.3.0.jar:/home/abhisheik/.m2/repository/com/fasterxml/jackson/module/jackson-module-scala_2.12/2.10.0/jackson-module-scala_2.12-2.10.0.jar:/home/abhisheik/.m2/repository/com/fasterxml/jackson/module/jackson-module-paranamer/2.10.0/jackson-module-paranamer-2.10.0.jar:/home/abhisheik/.m2/repository/com/thoughtworks/paranamer/paranamer/2.8/paranamer-2.8.jar:/home/abhisheik/.m2/repository/com/fasterxml/jackson/dataformat/jackson-dataformat-csv/2.10.0/jackson-dataformat-csv-2.10.0.jar:/home/abhisheik/.m2/repository/net/sf/jopt-simple/jopt-simple/5.0.4/jopt-simple-5.0.4.jar:/home/abhisheik/.m2/repository/com/yammer/metrics/metrics-core/2.2.0/metrics-core-2.2.0.jar:/home/abhisheik/.m2/repository/org/scala-lang/scala-library/2.12.8/scala-library-2.12.8.jar:/home/abhisheik/.m2/repository/org/scala-lang/scala-reflect/2.12.8/scala-reflect-2.12.8.jar:/home/abhisheik/.m2/repository/com/typesafe/scala-logging/scala-logging_2.12/3.9.0/scala-logging_2.12-3.9.0.jar:/home/abhisheik/.m2/repository/com/101tec/zkclient/0.11/zkclient-0.11.jar:/home/abhisheik/.m2/repository/org/apache/zookeeper/zookeeper/3.4.14/zookeeper-3.4.14.jar:/home/abhisheik/.m2/repository/com/github/spotbugs/spotbugs-annotations/3.1.9/spotbugs-annotations-3.1.9.jar:/home/abhisheik/.m2/repository/com/google/code/findbugs/jsr305/3.0.2/jsr305-3.0.2.jar:/home/abhisheik/.m2/repository/org/apache/yetus/audience-annotations/0.5.0/audience-annotations-0.5.0.jar:/home/abhisheik/.m2/repository/org/apache/kafka/kafka_2.12/2.3.0/kafka_2.12-2.3.0-test.jar:/home/abhisheik/.m2/repository/org/junit/jupiter/junit-jupiter-api/5.5.2/junit-jupiter-api-5.5.2.jar:/home/abhisheik/.m2/repository/org/apiguardian/apiguardian-api/1.1.0/apiguardian-api-1.1.0.jar:/home/abhisheik/.m2/repository/org/opentest4j/opentest4j/1.2.0/opentest4j-1.2.0.jar:/home/abhisheik/.m2/repository/org/junit/platform/junit-platform-commons/1.5.2/junit-platform-commons-1.5.2.jar:/home/abhisheik/.m2/repository/org/springframework/restdocs/spring-restdocs-mockmvc/2.0.4.RELEASE/spring-restdocs-mockmvc-2.0.4.RELEASE.jar:/home/abhisheik/.m2/repository/javax/servlet/javax.servlet-api/4.0.1/javax.servlet-api-4.0.1.jar:/home/abhisheik/.m2/repository/org/springframework/restdocs/spring-restdocs-core/2.0.4.RELEASE/spring-restdocs-core-2.0.4.RELEASE.jar:/home/abhisheik/.m2/repository/io/jsonwebtoken/jjwt/0.9.1/jjwt-0.9.1.jar:/home/abhisheik/.m2/repository/com/fasterxml/jackson/core/jackson-databind/2.10.0/jackson-databind-2.10.0.jar:/home/abhisheik/.m2/repository/com/fasterxml/jackson/core/jackson-core/2.10.0/jackson-core-2.10.0.jar:/home/abhisheik/.m2/repository/org/springframework/security/spring-security-test/5.2.0.RELEASE/spring-security-test-5.2.0.RELEASE.jar:/home/abhisheik/.m2/repository/org/springframework/boot/spring-boot-starter-data-jpa/2.2.0.RELEASE/spring-boot-starter-data-jpa-2.2.0.RELEASE.jar:/home/abhisheik/.m2/repository/org/springframework/boot/spring-boot-starter-aop/2.2.0.RELEASE/spring-boot-starter-aop-2.2.0.RELEASE.jar:/home/abhisheik/.m2/repository/org/aspectj/aspectjweaver/1.9.4/aspectjweaver-1.9.4.jar:/home/abhisheik/.m2/repository/jakarta/activation/jakarta.activation-api/1.2.1/jakarta.activation-api-1.2.1.jar:/home/abhisheik/.m2/repository/jakarta/persistence/jakarta.persistence-api/2.2.3/jakarta.persistence-api-2.2.3.jar:/home/abhisheik/.m2/repository/jakarta/transaction/jakarta.transaction-api/1.3.3/jakarta.transaction-api-1.3.3.jar:/home/abhisheik/.m2/repository/org/hibernate/hibernate-core/5.4.6.Final/hibernate-core-5.4.6.Final.jar:/home/abhisheik/.m2/repository/org/jboss/logging/jboss-logging/3.4.1.Final/jboss-logging-3.4.1.Final.jar:/home/abhisheik/.m2/repository/org/javassist/javassist/3.24.0-GA/javassist-3.24.0-GA.jar:/home/abhisheik/.m2/repository/antlr/antlr/2.7.7/antlr-2.7.7.jar:/home/abhisheik/.m2/repository/org/jboss/jandex/2.0.5.Final/jandex-2.0.5.Final.jar:/home/abhisheik/.m2/repository/com/fasterxml/classmate/1.5.0/classmate-1.5.0.jar:/home/abhisheik/.m2/repository/org/dom4j/dom4j/2.1.1/dom4j-2.1.1.jar:/home/abhisheik/.m2/repository/org/hibernate/common/hibernate-commons-annotations/5.1.0.Final/hibernate-commons-annotations-5.1.0.Final.jar:/home/abhisheik/.m2/repository/org/glassfish/jaxb/jaxb-runtime/2.3.2/jaxb-runtime-2.3.2.jar:/home/abhisheik/.m2/repository/org/glassfish/jaxb/txw2/2.3.2/txw2-2.3.2.jar:/home/abhisheik/.m2/repository/com/sun/istack/istack-commons-runtime/3.0.8/istack-commons-runtime-3.0.8.jar:/home/abhisheik/.m2/repository/com/sun/xml/fastinfoset/FastInfoset/1.2.16/FastInfoset-1.2.16.jar:/home/abhisheik/.m2/repository/org/springframework/data/spring-data-jpa/2.2.0.RELEASE/spring-data-jpa-2.2.0.RELEASE.jar:/home/abhisheik/.m2/repository/org/springframework/spring-orm/5.2.0.RELEASE/spring-orm-5.2.0.RELEASE.jar:/home/abhisheik/.m2/repository/org/springframework/spring-aspects/5.2.0.RELEASE/spring-aspects-5.2.0.RELEASE.jar:"/>
    <property name="java.vm.vendor" value="Ubuntu"/>
    <property name="sun.arch.data.model" value="64"/>
    <property name="java.vendor.url" value="https://ubuntu.com/"/>
    <property name="user.timezone" value=""/>
    <property name="java.vm.specification.version" value="11"/>
    <property name="os.name" value="Linux"/>
    <property name="sun.java.launcher" value="SUN_STANDARD"/>
    <property name="user.country" value="IN"/>
    <property name="sun.boot.library.path" value="/usr/lib/jvm/java-11-openjdk-amd64/lib"/>
    <property name="sun.java.command" value="/home/abhisheik/Desktop/KoffeeMedia/KmAdmin/target/surefire/surefirebooter18319366506624229016.jar /home/abhisheik/Desktop/KoffeeMedia/KmAdmin/target/surefire 2019-11-25T16-42-31_149-jvmRun1 surefire18416856690874460279tmp surefire_010387174918696063747tmp"/>
    <property name="jdk.debug" value="release"/>
    <property name="surefire.test.class.path" value="/home/abhisheik/Desktop/KoffeeMedia/KmAdmin/target/test-classes:/home/abhisheik/Desktop/KoffeeMedia/KmAdmin/target/classes:/home/abhisheik/.m2/repository/org/springframework/boot/spring-boot-starter-amqp/2.2.0.RELEASE/spring-boot-starter-amqp-2.2.0.RELEASE.jar:/home/abhisheik/.m2/repository/org/springframework/boot/spring-boot-starter/2.2.0.RELEASE/spring-boot-starter-2.2.0.RELEASE.jar:/home/abhisheik/.m2/repository/org/springframework/boot/spring-boot-starter-logging/2.2.0.RELEASE/spring-boot-starter-logging-2.2.0.RELEASE.jar:/home/abhisheik/.m2/repository/ch/qos/logback/logback-classic/1.2.3/logback-classic-1.2.3.jar:/home/abhisheik/.m2/repository/ch/qos/logback/logback-core/1.2.3/logback-core-1.2.3.jar:/home/abhisheik/.m2/repository/org/apache/logging/log4j/log4j-to-slf4j/2.12.1/log4j-to-slf4j-2.12.1.jar:/home/abhisheik/.m2/repository/org/apache/logging/log4j/log4j-api/2.12.1/log4j-api-2.12.1.jar:/home/abhisheik/.m2/repository/org/slf4j/jul-to-slf4j/1.7.28/jul-to-slf4j-1.7.28.jar:/home/abhisheik/.m2/repository/org/yaml/snakeyaml/1.25/snakeyaml-1.25.jar:/home/abhisheik/.m2/repository/org/springframework/spring-messaging/5.2.0.RELEASE/spring-messaging-5.2.0.RELEASE.jar:/home/abhisheik/.m2/repository/org/springframework/spring-beans/5.2.0.RELEASE/spring-beans-5.2.0.RELEASE.jar:/home/abhisheik/.m2/repository/org/springframework/amqp/spring-rabbit/2.2.0.RELEASE/spring-rabbit-2.2.0.RELEASE.jar:/home/abhisheik/.m2/repository/com/rabbitmq/amqp-client/5.7.3/amqp-client-5.7.3.jar:/home/abhisheik/.m2/repository/org/springframework/amqp/spring-amqp/2.2.0.RELEASE/spring-amqp-2.2.0.RELEASE.jar:/home/abhisheik/.m2/repository/org/springframework/boot/spring-boot-starter-batch/2.2.0.RELEASE/spring-boot-starter-batch-2.2.0.RELEASE.jar:/home/abhisheik/.m2/repository/org/springframework/boot/spring-boot-starter-jdbc/2.2.0.RELEASE/spring-boot-starter-jdbc-2.2.0.RELEASE.jar:/home/abhisheik/.m2/repository/com/zaxxer/HikariCP/3.4.1/HikariCP-3.4.1.jar:/home/abhisheik/.m2/repository/org/springframework/batch/spring-batch-core/4.2.0.RELEASE/spring-batch-core-4.2.0.RELEASE.jar:/home/abhisheik/.m2/repository/io/micrometer/micrometer-core/1.3.0/micrometer-core-1.3.0.jar:/home/abhisheik/.m2/repository/org/hdrhistogram/HdrHistogram/2.1.11/HdrHistogram-2.1.11.jar:/home/abhisheik/.m2/repository/org/latencyutils/LatencyUtils/2.0.3/LatencyUtils-2.0.3.jar:/home/abhisheik/.m2/repository/javax/batch/javax.batch-api/1.0/javax.batch-api-1.0.jar:/home/abhisheik/.m2/repository/org/codehaus/jettison/jettison/1.2/jettison-1.2.jar:/home/abhisheik/.m2/repository/org/springframework/batch/spring-batch-infrastructure/4.2.0.RELEASE/spring-batch-infrastructure-4.2.0.RELEASE.jar:/home/abhisheik/.m2/repository/org/springframework/boot/spring-boot-starter-data-jdbc/2.2.0.RELEASE/spring-boot-starter-data-jdbc-2.2.0.RELEASE.jar:/home/abhisheik/.m2/repository/org/springframework/data/spring-data-jdbc/1.1.0.RELEASE/spring-data-jdbc-1.1.0.RELEASE.jar:/home/abhisheik/.m2/repository/org/springframework/data/spring-data-relational/1.1.0.RELEASE/spring-data-relational-1.1.0.RELEASE.jar:/home/abhisheik/.m2/repository/org/springframework/data/spring-data-commons/2.2.0.RELEASE/spring-data-commons-2.2.0.RELEASE.jar:/home/abhisheik/.m2/repository/org/springframework/boot/spring-boot-starter-data-rest/2.2.0.RELEASE/spring-boot-starter-data-rest-2.2.0.RELEASE.jar:/home/abhisheik/.m2/repository/org/springframework/data/spring-data-rest-webmvc/3.2.0.RELEASE/spring-data-rest-webmvc-3.2.0.RELEASE.jar:/home/abhisheik/.m2/repository/org/springframework/data/spring-data-rest-core/3.2.0.RELEASE/spring-data-rest-core-3.2.0.RELEASE.jar:/home/abhisheik/.m2/repository/org/springframework/hateoas/spring-hateoas/1.0.0.RELEASE/spring-hateoas-1.0.0.RELEASE.jar:/home/abhisheik/.m2/repository/org/springframework/plugin/spring-plugin-core/2.0.0.RELEASE/spring-plugin-core-2.0.0.RELEASE.jar:/home/abhisheik/.m2/repository/org/atteo/evo-inflector/1.2.2/evo-inflector-1.2.2.jar:/home/abhisheik/.m2/repository/com/fasterxml/jackson/core/jackson-annotations/2.10.0/jackson-annotations-2.10.0.jar:/home/abhisheik/.m2/repository/org/springframework/boot/spring-boot-starter-jersey/2.2.0.RELEASE/spring-boot-starter-jersey-2.2.0.RELEASE.jar:/home/abhisheik/.m2/repository/org/springframework/boot/spring-boot-starter-json/2.2.0.RELEASE/spring-boot-starter-json-2.2.0.RELEASE.jar:/home/abhisheik/.m2/repository/com/fasterxml/jackson/datatype/jackson-datatype-jdk8/2.10.0/jackson-datatype-jdk8-2.10.0.jar:/home/abhisheik/.m2/repository/com/fasterxml/jackson/datatype/jackson-datatype-jsr310/2.10.0/jackson-datatype-jsr310-2.10.0.jar:/home/abhisheik/.m2/repository/com/fasterxml/jackson/module/jackson-module-parameter-names/2.10.0/jackson-module-parameter-names-2.10.0.jar:/home/abhisheik/.m2/repository/org/springframework/boot/spring-boot-starter-validation/2.2.0.RELEASE/spring-boot-starter-validation-2.2.0.RELEASE.jar:/home/abhisheik/.m2/repository/jakarta/validation/jakarta.validation-api/2.0.1/jakarta.validation-api-2.0.1.jar:/home/abhisheik/.m2/repository/org/hibernate/validator/hibernate-validator/6.0.17.Final/hibernate-validator-6.0.17.Final.jar:/home/abhisheik/.m2/repository/jakarta/annotation/jakarta.annotation-api/1.3.5/jakarta.annotation-api-1.3.5.jar:/home/abhisheik/.m2/repository/jakarta/ws/rs/jakarta.ws.rs-api/2.1.6/jakarta.ws.rs-api-2.1.6.jar:/home/abhisheik/.m2/repository/org/springframework/spring-web/5.2.0.RELEASE/spring-web-5.2.0.RELEASE.jar:/home/abhisheik/.m2/repository/org/glassfish/jersey/core/jersey-server/2.29.1/jersey-server-2.29.1.jar:/home/abhisheik/.m2/repository/org/glassfish/jersey/core/jersey-common/2.29.1/jersey-common-2.29.1.jar:/home/abhisheik/.m2/repository/org/glassfish/hk2/osgi-resource-locator/1.0.3/osgi-resource-locator-1.0.3.jar:/home/abhisheik/.m2/repository/org/glassfish/jersey/core/jersey-client/2.29.1/jersey-client-2.29.1.jar:/home/abhisheik/.m2/repository/org/glassfish/jersey/media/jersey-media-jaxb/2.29.1/jersey-media-jaxb-2.29.1.jar:/home/abhisheik/.m2/repository/org/glassfish/hk2/external/jakarta.inject/2.6.1/jakarta.inject-2.6.1.jar:/home/abhisheik/.m2/repository/org/glassfish/jersey/containers/jersey-container-servlet-core/2.29.1/jersey-container-servlet-core-2.29.1.jar:/home/abhisheik/.m2/repository/org/glassfish/jersey/containers/jersey-container-servlet/2.29.1/jersey-container-servlet-2.29.1.jar:/home/abhisheik/.m2/repository/org/glassfish/jersey/ext/jersey-bean-validation/2.29.1/jersey-bean-validation-2.29.1.jar:/home/abhisheik/.m2/repository/org/glassfish/jersey/ext/jersey-spring5/2.29.1/jersey-spring5-2.29.1.jar:/home/abhisheik/.m2/repository/org/glassfish/jersey/inject/jersey-hk2/2.29.1/jersey-hk2-2.29.1.jar:/home/abhisheik/.m2/repository/org/glassfish/hk2/hk2-locator/2.6.1/hk2-locator-2.6.1.jar:/home/abhisheik/.m2/repository/org/glassfish/hk2/external/aopalliance-repackaged/2.6.1/aopalliance-repackaged-2.6.1.jar:/home/abhisheik/.m2/repository/org/glassfish/hk2/hk2/2.6.1/hk2-2.6.1.jar:/home/abhisheik/.m2/repository/org/glassfish/hk2/hk2-utils/2.6.1/hk2-utils-2.6.1.jar:/home/abhisheik/.m2/repository/org/glassfish/hk2/hk2-api/2.6.1/hk2-api-2.6.1.jar:/home/abhisheik/.m2/repository/org/glassfish/hk2/hk2-core/2.6.1/hk2-core-2.6.1.jar:/home/abhisheik/.m2/repository/org/glassfish/hk2/hk2-runlevel/2.6.1/hk2-runlevel-2.6.1.jar:/home/abhisheik/.m2/repository/org/glassfish/hk2/class-model/2.6.1/class-model-2.6.1.jar:/home/abhisheik/.m2/repository/org/ow2/asm/asm/7.1/asm-7.1.jar:/home/abhisheik/.m2/repository/org/ow2/asm/asm-analysis/7.1/asm-analysis-7.1.jar:/home/abhisheik/.m2/repository/org/ow2/asm/asm-commons/7.1/asm-commons-7.1.jar:/home/abhisheik/.m2/repository/org/ow2/asm/asm-tree/7.1/asm-tree-7.1.jar:/home/abhisheik/.m2/repository/org/ow2/asm/asm-util/7.1/asm-util-7.1.jar:/home/abhisheik/.m2/repository/org/glassfish/hk2/spring-bridge/2.6.1/spring-bridge-2.6.1.jar:/home/abhisheik/.m2/repository/org/glassfish/jersey/media/jersey-media-json-jackson/2.29.1/jersey-media-json-jackson-2.29.1.jar:/home/abhisheik/.m2/repository/org/glassfish/jersey/ext/jersey-entity-filtering/2.29.1/jersey-entity-filtering-2.29.1.jar:/home/abhisheik/.m2/repository/com/fasterxml/jackson/module/jackson-module-jaxb-annotations/2.10.0/jackson-module-jaxb-annotations-2.10.0.jar:/home/abhisheik/.m2/repository/jakarta/xml/bind/jakarta.xml.bind-api/2.3.2/jakarta.xml.bind-api-2.3.2.jar:/home/abhisheik/.m2/repository/org/springframework/boot/spring-boot-starter-mail/2.2.0.RELEASE/spring-boot-starter-mail-2.2.0.RELEASE.jar:/home/abhisheik/.m2/repository/org/springframework/spring-context-support/5.2.0.RELEASE/spring-context-support-5.2.0.RELEASE.jar:/home/abhisheik/.m2/repository/com/sun/mail/jakarta.mail/1.6.4/jakarta.mail-1.6.4.jar:/home/abhisheik/.m2/repository/com/sun/activation/jakarta.activation/1.2.1/jakarta.activation-1.2.1.jar:/home/abhisheik/.m2/repository/org/springframework/boot/spring-boot-starter-oauth2-client/2.2.0.RELEASE/spring-boot-starter-oauth2-client-2.2.0.RELEASE.jar:/home/abhisheik/.m2/repository/org/springframework/security/spring-security-config/5.2.0.RELEASE/spring-security-config-5.2.0.RELEASE.jar:/home/abhisheik/.m2/repository/org/springframework/security/spring-security-core/5.2.0.RELEASE/spring-security-core-5.2.0.RELEASE.jar:/home/abhisheik/.m2/repository/org/springframework/spring-expression/5.2.0.RELEASE/spring-expression-5.2.0.RELEASE.jar:/home/abhisheik/.m2/repository/org/springframework/security/spring-security-oauth2-client/5.2.0.RELEASE/spring-security-oauth2-client-5.2.0.RELEASE.jar:/home/abhisheik/.m2/repository/com/nimbusds/oauth2-oidc-sdk/6.14/oauth2-oidc-sdk-6.14.jar:/home/abhisheik/.m2/repository/com/github/stephenc/jcip/jcip-annotations/1.0-1/jcip-annotations-1.0-1.jar:/home/abhisheik/.m2/repository/com/nimbusds/lang-tag/1.4.4/lang-tag-1.4.4.jar:/home/abhisheik/.m2/repository/org/springframework/security/spring-security-oauth2-core/5.2.0.RELEASE/spring-security-oauth2-core-5.2.0.RELEASE.jar:/home/abhisheik/.m2/repository/org/springframework/security/spring-security-oauth2-jose/5.2.0.RELEASE/spring-security-oauth2-jose-5.2.0.RELEASE.jar:/home/abhisheik/.m2/repository/com/nimbusds/nimbus-jose-jwt/7.8/nimbus-jose-jwt-7.8.jar:/home/abhisheik/.m2/repository/org/springframework/boot/spring-boot-starter-security/2.2.0.RELEASE/spring-boot-starter-security-2.2.0.RELEASE.jar:/home/abhisheik/.m2/repository/org/springframework/spring-aop/5.2.0.RELEASE/spring-aop-5.2.0.RELEASE.jar:/home/abhisheik/.m2/repository/org/springframework/security/spring-security-web/5.2.0.RELEASE/spring-security-web-5.2.0.RELEASE.jar:/home/abhisheik/.m2/repository/org/springframework/boot/spring-boot-starter-web/2.2.0.RELEASE/spring-boot-starter-web-2.2.0.RELEASE.jar:/home/abhisheik/.m2/repository/org/springframework/spring-webmvc/5.2.0.RELEASE/spring-webmvc-5.2.0.RELEASE.jar:/home/abhisheik/.m2/repository/org/springframework/boot/spring-boot-starter-web-services/2.2.0.RELEASE/spring-boot-starter-web-services-2.2.0.RELEASE.jar:/home/abhisheik/.m2/repository/com/sun/xml/messaging/saaj/saaj-impl/1.5.1/saaj-impl-1.5.1.jar:/home/abhisheik/.m2/repository/jakarta/xml/soap/jakarta.xml.soap-api/1.4.1/jakarta.xml.soap-api-1.4.1.jar:/home/abhisheik/.m2/repository/org/jvnet/mimepull/mimepull/1.9.12/mimepull-1.9.12.jar:/home/abhisheik/.m2/repository/org/jvnet/staxex/stax-ex/1.8.1/stax-ex-1.8.1.jar:/home/abhisheik/.m2/repository/jakarta/xml/ws/jakarta.xml.ws-api/2.3.2/jakarta.xml.ws-api-2.3.2.jar:/home/abhisheik/.m2/repository/jakarta/jws/jakarta.jws-api/1.1.1/jakarta.jws-api-1.1.1.jar:/home/abhisheik/.m2/repository/org/springframework/spring-oxm/5.2.0.RELEASE/spring-oxm-5.2.0.RELEASE.jar:/home/abhisheik/.m2/repository/org/springframework/ws/spring-ws-core/3.0.7.RELEASE/spring-ws-core-3.0.7.RELEASE.jar:/home/abhisheik/.m2/repository/org/springframework/ws/spring-xml/3.0.7.RELEASE/spring-xml-3.0.7.RELEASE.jar:/home/abhisheik/.m2/repository/commons-io/commons-io/2.5/commons-io-2.5.jar:/home/abhisheik/.m2/repository/org/springframework/boot/spring-boot-starter-webflux/2.2.0.RELEASE/spring-boot-starter-webflux-2.2.0.RELEASE.jar:/home/abhisheik/.m2/repository/org/springframework/boot/spring-boot-starter-reactor-netty/2.2.0.RELEASE/spring-boot-starter-reactor-netty-2.2.0.RELEASE.jar:/home/abhisheik/.m2/repository/io/projectreactor/netty/reactor-netty/0.9.0.RELEASE/reactor-netty-0.9.0.RELEASE.jar:/home/abhisheik/.m2/repository/io/netty/netty-codec-http/4.1.42.Final/netty-codec-http-4.1.42.Final.jar:/home/abhisheik/.m2/repository/io/netty/netty-common/4.1.42.Final/netty-common-4.1.42.Final.jar:/home/abhisheik/.m2/repository/io/netty/netty-buffer/4.1.42.Final/netty-buffer-4.1.42.Final.jar:/home/abhisheik/.m2/repository/io/netty/netty-transport/4.1.42.Final/netty-transport-4.1.42.Final.jar:/home/abhisheik/.m2/repository/io/netty/netty-resolver/4.1.42.Final/netty-resolver-4.1.42.Final.jar:/home/abhisheik/.m2/repository/io/netty/netty-codec/4.1.42.Final/netty-codec-4.1.42.Final.jar:/home/abhisheik/.m2/repository/io/netty/netty-codec-http2/4.1.42.Final/netty-codec-http2-4.1.42.Final.jar:/home/abhisheik/.m2/repository/io/netty/netty-handler/4.1.42.Final/netty-handler-4.1.42.Final.jar:/home/abhisheik/.m2/repository/io/netty/netty-handler-proxy/4.1.42.Final/netty-handler-proxy-4.1.42.Final.jar:/home/abhisheik/.m2/repository/io/netty/netty-codec-socks/4.1.42.Final/netty-codec-socks-4.1.42.Final.jar:/home/abhisheik/.m2/repository/io/netty/netty-transport-native-epoll/4.1.42.Final/netty-transport-native-epoll-4.1.42.Final-linux-x86_64.jar:/home/abhisheik/.m2/repository/io/netty/netty-transport-native-unix-common/4.1.42.Final/netty-transport-native-unix-common-4.1.42.Final.jar:/home/abhisheik/.m2/repository/io/projectreactor/addons/reactor-pool/0.1.0.RELEASE/reactor-pool-0.1.0.RELEASE.jar:/home/abhisheik/.m2/repository/org/glassfish/jakarta.el/3.0.3/jakarta.el-3.0.3.jar:/home/abhisheik/.m2/repository/org/springframework/spring-webflux/5.2.0.RELEASE/spring-webflux-5.2.0.RELEASE.jar:/home/abhisheik/.m2/repository/org/synchronoss/cloud/nio-multipart-parser/1.1.0/nio-multipart-parser-1.1.0.jar:/home/abhisheik/.m2/repository/org/synchronoss/cloud/nio-stream-storage/1.1.3/nio-stream-storage-1.1.3.jar:/home/abhisheik/.m2/repository/org/apache/kafka/kafka-streams/2.3.0/kafka-streams-2.3.0.jar:/home/abhisheik/.m2/repository/org/apache/kafka/kafka-clients/2.3.0/kafka-clients-2.3.0.jar:/home/abhisheik/.m2/repository/com/github/luben/zstd-jni/1.4.0-1/zstd-jni-1.4.0-1.jar:/home/abhisheik/.m2/repository/org/lz4/lz4-java/1.6.0/lz4-java-1.6.0.jar:/home/abhisheik/.m2/repository/org/xerial/snappy/snappy-java/1.1.7.3/snappy-java-1.1.7.3.jar:/home/abhisheik/.m2/repository/org/apache/kafka/connect-json/2.3.0/connect-json-2.3.0.jar:/home/abhisheik/.m2/repository/org/apache/kafka/connect-api/2.3.0/connect-api-2.3.0.jar:/home/abhisheik/.m2/repository/org/slf4j/slf4j-api/1.7.28/slf4j-api-1.7.28.jar:/home/abhisheik/.m2/repository/org/rocksdb/rocksdbjni/5.18.3/rocksdbjni-5.18.3.jar:/home/abhisheik/.m2/repository/org/springframework/kafka/spring-kafka/2.3.1.RELEASE/spring-kafka-2.3.1.RELEASE.jar:/home/abhisheik/.m2/repository/org/springframework/retry/spring-retry/1.2.4.RELEASE/spring-retry-1.2.4.RELEASE.jar:/home/abhisheik/.m2/repository/org/springframework/spring-context/5.2.0.RELEASE/spring-context-5.2.0.RELEASE.jar:/home/abhisheik/.m2/repository/org/springframework/spring-tx/5.2.0.RELEASE/spring-tx-5.2.0.RELEASE.jar:/home/abhisheik/.m2/repository/org/springframework/session/spring-session-core/2.2.0.RELEASE/spring-session-core-2.2.0.RELEASE.jar:/home/abhisheik/.m2/repository/org/springframework/spring-jcl/5.2.0.RELEASE/spring-jcl-5.2.0.RELEASE.jar:/home/abhisheik/.m2/repository/org/springframework/boot/spring-boot-devtools/2.2.0.RELEASE/spring-boot-devtools-2.2.0.RELEASE.jar:/home/abhisheik/.m2/repository/org/springframework/boot/spring-boot/2.2.0.RELEASE/spring-boot-2.2.0.RELEASE.jar:/home/abhisheik/.m2/repository/org/springframework/boot/spring-boot-autoconfigure/2.2.0.RELEASE/spring-boot-autoconfigure-2.2.0.RELEASE.jar:/home/abhisheik/.m2/repository/mysql/mysql-connector-java/8.0.18/mysql-connector-java-8.0.18.jar:/home/abhisheik/.m2/repository/org/springframework/boot/spring-boot-configuration-processor/2.2.0.RELEASE/spring-boot-configuration-processor-2.2.0.RELEASE.jar:/home/abhisheik/.m2/repository/org/springframework/boot/spring-boot-starter-tomcat/2.2.0.RELEASE/spring-boot-starter-tomcat-2.2.0.RELEASE.jar:/home/abhisheik/.m2/repository/org/apache/tomcat/embed/tomcat-embed-core/9.0.27/tomcat-embed-core-9.0.27.jar:/home/abhisheik/.m2/repository/org/apache/tomcat/embed/tomcat-embed-el/9.0.27/tomcat-embed-el-9.0.27.jar:/home/abhisheik/.m2/repository/org/apache/tomcat/embed/tomcat-embed-websocket/9.0.27/tomcat-embed-websocket-9.0.27.jar:/home/abhisheik/.m2/repository/org/springframework/boot/spring-boot-starter-test/2.2.0.RELEASE/spring-boot-starter-test-2.2.0.RELEASE.jar:/home/abhisheik/.m2/repository/org/springframework/boot/spring-boot-test/2.2.0.RELEASE/spring-boot-test-2.2.0.RELEASE.jar:/home/abhisheik/.m2/repository/org/springframework/boot/spring-boot-test-autoconfigure/2.2.0.RELEASE/spring-boot-test-autoconfigure-2.2.0.RELEASE.jar:/home/abhisheik/.m2/repository/com/jayway/jsonpath/json-path/2.4.0/json-path-2.4.0.jar:/home/abhisheik/.m2/repository/net/minidev/json-smart/2.3/json-smart-2.3.jar:/home/abhisheik/.m2/repository/net/minidev/accessors-smart/1.2/accessors-smart-1.2.jar:/home/abhisheik/.m2/repository/org/junit/jupiter/junit-jupiter/5.5.2/junit-jupiter-5.5.2.jar:/home/abhisheik/.m2/repository/org/junit/jupiter/junit-jupiter-params/5.5.2/junit-jupiter-params-5.5.2.jar:/home/abhisheik/.m2/repository/org/junit/jupiter/junit-jupiter-engine/5.5.2/junit-jupiter-engine-5.5.2.jar:/home/abhisheik/.m2/repository/org/junit/platform/junit-platform-engine/1.5.2/junit-platform-engine-1.5.2.jar:/home/abhisheik/.m2/repository/org/mockito/mockito-junit-jupiter/3.1.0/mockito-junit-jupiter-3.1.0.jar:/home/abhisheik/.m2/repository/org/assertj/assertj-core/3.13.2/assertj-core-3.13.2.jar:/home/abhisheik/.m2/repository/org/hamcrest/hamcrest/2.1/hamcrest-2.1.jar:/home/abhisheik/.m2/repository/org/mockito/mockito-core/3.1.0/mockito-core-3.1.0.jar:/home/abhisheik/.m2/repository/net/bytebuddy/byte-buddy/1.10.1/byte-buddy-1.10.1.jar:/home/abhisheik/.m2/repository/net/bytebuddy/byte-buddy-agent/1.10.1/byte-buddy-agent-1.10.1.jar:/home/abhisheik/.m2/repository/org/objenesis/objenesis/2.6/objenesis-2.6.jar:/home/abhisheik/.m2/repository/org/skyscreamer/jsonassert/1.5.0/jsonassert-1.5.0.jar:/home/abhisheik/.m2/repository/com/vaadin/external/google/android-json/0.0.20131108.vaadin1/android-json-0.0.20131108.vaadin1.jar:/home/abhisheik/.m2/repository/org/springframework/spring-core/5.2.0.RELEASE/spring-core-5.2.0.RELEASE.jar:/home/abhisheik/.m2/repository/org/springframework/spring-test/5.2.0.RELEASE/spring-test-5.2.0.RELEASE.jar:/home/abhisheik/.m2/repository/org/xmlunit/xmlunit-core/2.6.3/xmlunit-core-2.6.3.jar:/home/abhisheik/.m2/repository/io/projectreactor/reactor-test/3.3.0.RELEASE/reactor-test-3.3.0.RELEASE.jar:/home/abhisheik/.m2/repository/io/projectreactor/reactor-core/3.3.0.RELEASE/reactor-core-3.3.0.RELEASE.jar:/home/abhisheik/.m2/repository/org/reactivestreams/reactive-streams/1.0.3/reactive-streams-1.0.3.jar:/home/abhisheik/.m2/repository/org/springframework/amqp/spring-rabbit-test/2.2.0.RELEASE/spring-rabbit-test-2.2.0.RELEASE.jar:/home/abhisheik/.m2/repository/org/hamcrest/hamcrest-core/2.1/hamcrest-core-2.1.jar:/home/abhisheik/.m2/repository/org/hamcrest/hamcrest-library/2.1/hamcrest-library-2.1.jar:/home/abhisheik/.m2/repository/org/springframework/amqp/spring-rabbit-junit/2.2.0.RELEASE/spring-rabbit-junit-2.2.0.RELEASE.jar:/home/abhisheik/.m2/repository/com/rabbitmq/http-client/3.2.0.RELEASE/http-client-3.2.0.RELEASE.jar:/home/abhisheik/.m2/repository/org/springframework/batch/spring-batch-test/4.2.0.RELEASE/spring-batch-test-4.2.0.RELEASE.jar:/home/abhisheik/.m2/repository/junit/junit/4.12/junit-4.12.jar:/home/abhisheik/.m2/repository/org/springframework/spring-jdbc/5.2.0.RELEASE/spring-jdbc-5.2.0.RELEASE.jar:/home/abhisheik/.m2/repository/org/springframework/kafka/spring-kafka-test/2.3.1.RELEASE/spring-kafka-test-2.3.1.RELEASE.jar:/home/abhisheik/.m2/repository/org/apache/kafka/kafka-clients/2.3.0/kafka-clients-2.3.0-test.jar:/home/abhisheik/.m2/repository/org/apache/kafka/kafka-streams-test-utils/2.3.0/kafka-streams-test-utils-2.3.0.jar:/home/abhisheik/.m2/repository/org/apache/kafka/kafka_2.12/2.3.0/kafka_2.12-2.3.0.jar:/home/abhisheik/.m2/repository/com/fasterxml/jackson/module/jackson-module-scala_2.12/2.10.0/jackson-module-scala_2.12-2.10.0.jar:/home/abhisheik/.m2/repository/com/fasterxml/jackson/module/jackson-module-paranamer/2.10.0/jackson-module-paranamer-2.10.0.jar:/home/abhisheik/.m2/repository/com/thoughtworks/paranamer/paranamer/2.8/paranamer-2.8.jar:/home/abhisheik/.m2/repository/com/fasterxml/jackson/dataformat/jackson-dataformat-csv/2.10.0/jackson-dataformat-csv-2.10.0.jar:/home/abhisheik/.m2/repository/net/sf/jopt-simple/jopt-simple/5.0.4/jopt-simple-5.0.4.jar:/home/abhisheik/.m2/repository/com/yammer/metrics/metrics-core/2.2.0/metrics-core-2.2.0.jar:/home/abhisheik/.m2/repository/org/scala-lang/scala-library/2.12.8/scala-library-2.12.8.jar:/home/abhisheik/.m2/repository/org/scala-lang/scala-reflect/2.12.8/scala-reflect-2.12.8.jar:/home/abhisheik/.m2/repository/com/typesafe/scala-logging/scala-logging_2.12/3.9.0/scala-logging_2.12-3.9.0.jar:/home/abhisheik/.m2/repository/com/101tec/zkclient/0.11/zkclient-0.11.jar:/home/abhisheik/.m2/repository/org/apache/zookeeper/zookeeper/3.4.14/zookeeper-3.4.14.jar:/home/abhisheik/.m2/repository/com/github/spotbugs/spotbugs-annotations/3.1.9/spotbugs-annotations-3.1.9.jar:/home/abhisheik/.m2/repository/com/google/code/findbugs/jsr305/3.0.2/jsr305-3.0.2.jar:/home/abhisheik/.m2/repository/org/apache/yetus/audience-annotations/0.5.0/audience-annotations-0.5.0.jar:/home/abhisheik/.m2/repository/org/apache/kafka/kafka_2.12/2.3.0/kafka_2.12-2.3.0-test.jar:/home/abhisheik/.m2/repository/org/junit/jupiter/junit-jupiter-api/5.5.2/junit-jupiter-api-5.5.2.jar:/home/abhisheik/.m2/repository/org/apiguardian/apiguardian-api/1.1.0/apiguardian-api-1.1.0.jar:/home/abhisheik/.m2/repository/org/opentest4j/opentest4j/1.2.0/opentest4j-1.2.0.jar:/home/abhisheik/.m2/repository/org/junit/platform/junit-platform-commons/1.5.2/junit-platform-commons-1.5.2.jar:/home/abhisheik/.m2/repository/org/springframework/restdocs/spring-restdocs-mockmvc/2.0.4.RELEASE/spring-restdocs-mockmvc-2.0.4.RELEASE.jar:/home/abhisheik/.m2/repository/javax/servlet/javax.servlet-api/4.0.1/javax.servlet-api-4.0.1.jar:/home/abhisheik/.m2/repository/org/springframework/restdocs/spring-restdocs-core/2.0.4.RELEASE/spring-restdocs-core-2.0.4.RELEASE.jar:/home/abhisheik/.m2/repository/io/jsonwebtoken/jjwt/0.9.1/jjwt-0.9.1.jar:/home/abhisheik/.m2/repository/com/fasterxml/jackson/core/jackson-databind/2.10.0/jackson-databind-2.10.0.jar:/home/abhisheik/.m2/repository/com/fasterxml/jackson/core/jackson-core/2.10.0/jackson-core-2.10.0.jar:/home/abhisheik/.m2/repository/org/springframework/security/spring-security-test/5.2.0.RELEASE/spring-security-test-5.2.0.RELEASE.jar:/home/abhisheik/.m2/repository/org/springframework/boot/spring-boot-starter-data-jpa/2.2.0.RELEASE/spring-boot-starter-data-jpa-2.2.0.RELEASE.jar:/home/abhisheik/.m2/repository/org/springframework/boot/spring-boot-starter-aop/2.2.0.RELEASE/spring-boot-starter-aop-2.2.0.RELEASE.jar:/home/abhisheik/.m2/repository/org/aspectj/aspectjweaver/1.9.4/aspectjweaver-1.9.4.jar:/home/abhisheik/.m2/repository/jakarta/activation/jakarta.activation-api/1.2.1/jakarta.activation-api-1.2.1.jar:/home/abhisheik/.m2/repository/jakarta/persistence/jakarta.persistence-api/2.2.3/jakarta.persistence-api-2.2.3.jar:/home/abhisheik/.m2/repository/jakarta/transaction/jakarta.transaction-api/1.3.3/jakarta.transaction-api-1.3.3.jar:/home/abhisheik/.m2/repository/org/hibernate/hibernate-core/5.4.6.Final/hibernate-core-5.4.6.Final.jar:/home/abhisheik/.m2/repository/org/jboss/logging/jboss-logging/3.4.1.Final/jboss-logging-3.4.1.Final.jar:/home/abhisheik/.m2/repository/org/javassist/javassist/3.24.0-GA/javassist-3.24.0-GA.jar:/home/abhisheik/.m2/repository/antlr/antlr/2.7.7/antlr-2.7.7.jar:/home/abhisheik/.m2/repository/org/jboss/jandex/2.0.5.Final/jandex-2.0.5.Final.jar:/home/abhisheik/.m2/repository/com/fasterxml/classmate/1.5.0/classmate-1.5.0.jar:/home/abhisheik/.m2/repository/org/dom4j/dom4j/2.1.1/dom4j-2.1.1.jar:/home/abhisheik/.m2/repository/org/hibernate/common/hibernate-commons-annotations/5.1.0.Final/hibernate-commons-annotations-5.1.0.Final.jar:/home/abhisheik/.m2/repository/org/glassfish/jaxb/jaxb-runtime/2.3.2/jaxb-runtime-2.3.2.jar:/home/abhisheik/.m2/repository/org/glassfish/jaxb/txw2/2.3.2/txw2-2.3.2.jar:/home/abhisheik/.m2/repository/com/sun/istack/istack-commons-runtime/3.0.8/istack-commons-runtime-3.0.8.jar:/home/abhisheik/.m2/repository/com/sun/xml/fastinfoset/FastInfoset/1.2.16/FastInfoset-1.2.16.jar:/home/abhisheik/.m2/repository/org/springframework/data/spring-data-jpa/2.2.0.RELEASE/spring-data-jpa-2.2.0.RELEASE.jar:/home/abhisheik/.m2/repository/org/springframework/spring-orm/5.2.0.RELEASE/spring-orm-5.2.0.RELEASE.jar:/home/abhisheik/.m2/repository/org/springframework/spring-aspects/5.2.0.RELEASE/spring-aspects-5.2.0.RELEASE.jar:"/>
    <property name="sun.cpu.endian" value="little"/>
    <property name="user.home" value="/home/abhisheik"/>
    <property name="user.language" value="en"/>
    <property name="java.specification.vendor" value="Oracle Corporation"/>
    <property name="java.version.date" value="2019-07-16"/>
    <property name="java.home" value="/usr/lib/jvm/java-11-openjdk-amd64"/>
    <property name="file.separator" value="/"/>
    <property name="style.color" value="always"/>
    <property name="basedir" value="/home/abhisheik/Desktop/KoffeeMedia/KmAdmin"/>
    <property name="java.vm.compressedOopsMode" value="32-bit"/>
    <property name="line.separator" value="&#10;"/>
    <property name="java.specification.name" value="Java Platform API Specification"/>
    <property name="java.vm.specification.vendor" value="Oracle Corporation"/>
    <property name="java.awt.graphicsenv" value="sun.awt.X11GraphicsEnvironment"/>
    <property name="surefire.real.class.path" value="/home/abhisheik/Desktop/KoffeeMedia/KmAdmin/target/surefire/surefirebooter18319366506624229016.jar"/>
    <property name="sun.management.compiler" value="HotSpot 64-Bit Tiered Compilers"/>
    <property name="java.runtime.version" value="11.0.4+11-post-Ubuntu-1ubuntu218.04.3"/>
    <property name="user.name" value="abhisheik"/>
    <property name="path.separator" value=":"/>
    <property name="os.version" value="5.0.0-36-generic"/>
    <property name="java.runtime.name" value="OpenJDK Runtime Environment"/>
    <property name="file.encoding" value="UTF-8"/>
    <property name="java.vm.name" value="OpenJDK 64-Bit Server VM"/>
    <property name="localRepository" value="/home/abhisheik/.m2/repository"/>
    <property name="java.vendor.url.bug" value="https://bugs.launchpad.net/ubuntu/+source/openjdk-lts"/>
    <property name="java.io.tmpdir" value="/tmp"/>
    <property name="java.version" value="11.0.4"/>
    <property name="user.dir" value="/home/abhisheik/Desktop/KoffeeMedia/KmAdmin"/>
    <property name="os.arch" value="amd64"/>
    <property name="java.vm.specification.name" value="Java Virtual Machine Specification"/>
    <property name="java.awt.printerjob" value="sun.print.PSPrinterJob"/>
    <property name="sun.os.patch.level" value="unknown"/>
    <property name="java.library.path" value="/usr/java/packages/lib:/usr/lib/x86_64-linux-gnu/jni:/lib/x86_64-linux-gnu:/usr/lib/x86_64-linux-gnu:/usr/lib/jni:/lib:/usr/lib"/>
    <property name="java.vendor" value="Ubuntu"/>
    <property name="java.vm.info" value="mixed mode, sharing"/>
    <property name="java.vm.version" value="11.0.4+11-post-Ubuntu-1ubuntu218.04.3"/>
    <property name="sun.io.unicode.encoding" value="UnicodeLittle"/>
    <property name="java.class.version" value="55.0"/>
  </properties>
  <testcase name="contextLoads" classname="com.km.admin.KmAdminApplicationTests" time="0.177"/>
</testsuite>